Case #1: 1 0
Case #2: 1 0
Case #3: 1 1
Case #4: 0 0
Case #5: 500 499
Case #6: 0 0
Case #7: 0 0
Case #8: 250000 249999
Case #9: 3 2
Case #10: 0 0
Case #11: 125000 124999
Case #12: 0 0
Case #13: 0 0
Case #14: 1 1
Case #15: 0 0
Case #16: 249999 249999
Case #17: 0 0
Case #18: 0 0
Case #19: 0 0
Case #20: 1 1
Case #21: 1 1
Case #22: 0 0
Case #23: 1 1
Case #24: 0 0
Case #25: 0 0
Case #26: 1 0
Case #27: 0 0
Case #28: 1 1
Case #29: 1 0
Case #30: 1 0
Case #31: 0 0
Case #32: 0 0
Case #33: 0 0
Case #34: 3 2
Case #35: 0 0
Case #36: 1 0
Case #37: 3906 3905
Case #38: 0 0
Case #39: 0 0
Case #40: 0 0
Case #41: 1 0
Case #42: 0 0
Case #43: 499999 499999
Case #44: 7812 7811
Case #45: 0 0
Case #46: 0 0
Case #47: 1 0
Case #48: 1 0
Case #49: 1 0
Case #50: 1 0
Case #51: 1 0
Case #52: 1 0
Case #53: 0 0
Case #54: 0 0
Case #55: 0 0
Case #56: 0 0
Case #57: 0 0
Case #58: 3905 3905
Case #59: 0 0
Case #60: 1953 1952
Case #61: 0 0
Case #62: 0 0
Case #63: 0 0
Case #64: 3906 3905
Case #65: 0 0
Case #66: 500000 499999
Case #67: 0 0
Case #68: 1 1
Case #69: 0 0
Case #70: 0 0
Case #71: 0 0
Case #72: 2 1
Case #73: 0 0
Case #74: 1 0
Case #75: 0 0
Case #76: 7812 7811
Case #77: 1 1
Case #78: 1 0
Case #79: 0 0
Case #80: 0 0
Case #81: 0 0
Case #82: 0 0
Case #83: 1 1
Case #84: 1 0
Case #85: 1 0
Case #86: 0 0
Case #87: 1 0
Case #88: 250000 249999
Case #89: 1 1
Case #90: 3 2
Case #91: 2 2
Case #92: 1 0
Case #93: 0 0
Case #94: 0 0
Case #95: 1 0
Case #96: 0 0
Case #97: 0 0
Case #98: 1 0
Case #99: 0 0
Case #100: 1 1
