5 307 500197 1886070737
2 3 606046566441176909
23 71 101 1571 5669 707873 
3 922079767704214507
2 2 3 11 287873 97974833953
3 10559 71783914106609
2 2 2 2 13 97 9896041 28324393
2 3 3 5 7 211 7019 8003034131
2 3 17 31 263 7841 31159 44843 
2 11 107 2551 8237 122847629
131 11909 3262432084687
11 151 2070924648358073
3 29 31 2269 32183 16591649
2 3 3 207767662518601799
2 3 7 3467 27149398609691
43 719 262908598115299
2 2 241 7072573910411323
2 17 19 4861 243151129937
2 419 6905559544486129
2 2 11 113 1123 16603 52399051
2 2 3 761297169000340321
59 181 26813 28883980427
7 8269 87902449075327
2 2 2 2 2 2 5 23 709 893619694559
3 41999 39385699081409
41 61627 216997351477
2 2 5 6163 55979954712709
3 13 59 151 4987 15901 240659 
2 2 2 13 9366503 9256662017
2 2 2 2 2 2 2 7927 244370740217
5 29 8119079 2164623709
5 7673 690397 328741159
5 7 43 281 9734150992843
2 5 11 17 101 116993 164327987
2 3 17 127 6113 27793 869927 
2 2 2 3 7 17 293 1487 1889 1912307 
2 2 2 409 559321896112699
2 2 2 2 3 23 43 283 1049 73299833
3 5 7 307 2521 94317394883
3 3 3 313003 148544577299
2 3 413831708874182953
5 13 31 22961 66324983821
3 17 849967 72290718109
2 2 2 2 2 5 53 271 2997454198897
109 337 443 353083879861
1836136647295554841
2 2 9257 144379 342484141
53 79 200861 3584382671
2 3 593 1249 849221200967
383 12968736756079073
2 79 359 12071 4141273337
461 4297886495419327
3 7 87179 1766715604679
3 7 96045935337113233
2 5 5 857 1997 46918987627
3 79 26927480903275873
2 2 3 3 3 242483 265636978787
5 5 23 23 61 1931 5167468499
3 3 283807 2247333090493
2 2 2 2 7 47 354734770210477
2 2 2 3 13 14951 284969 6851311 
5 143501 12686170544701
1364137 789473457697
2 2 113 5864325561152647
2 3 3 3 23 79 313 91520889181
17 97021 5198622762247
2 257 10992385677950087
5 13 96339418173067999
2 2 3 47 151 209233 507849761
2 19 15077 1448107531249
257 1091 30490359175021
2 3 73 19327829457340883
2 3 528698495747102309
151 7360157072349959
2 2 3 3 607 55547 1667816201
2 5 7 40225285917121133
3131724097332565883
2 2 2 2 2 3 53612022976405043
2 2 2 2 2 5 53213595751610909
7 97 12750723930549919
4469557571773702739
2 2 641 1655292554100971
1878776735552471459
2 5 843943064786082343
2 7 7 19 23 97 2017 192323653
13 2687 254471687442083
5 11 6581 519371 6490487 
1718829319230573211
2 2 2 2 7 11 53 41500523406457
2 1759 1500398882330189
5 1229 1433 852721266763
7 7 72994197912135499
13 83 4675497781787711
2 2 3 311 17317 80190788173
31 31 1871 43793 16856759
2 588140844895921003
439 8318867 471167951
2 120947 16305981302627
2 88471 428843 84428567
2 13 29 1465053070840753
