Case #1:
10000000000000011000000000000001 3 2 5 2 7 2 3 2 7
10000000000001011000000000000101 13 2 3 2 173 2 53 2 3
10000000000001111000000000000111 3 2 5 2 7 2 3 2 11
10000000000010011000000000001001 73 2 3 2 19 2 5 2 3
10000000000011011000000000001101 3 2 5 2 7 2 3 2 11
10000000000100111000000000010011 3 2 5 2 7 2 3 2 7
10000000000110011000000000011001 3 2 5 2 7 2 3 2 11
10000000000110111000000000011011 5 2 641 2 5 2 193 2 83
10000000000111111000000000011111 3 2 3 2 7 2 3 2 3
10000000001001011000000000100101 3 2 5 2 7 2 3 2 7
10000000001010111000000000101011 3 2 13 2 5 2 3 2 7
10000000001011111000000000101111 5 2 3 2 37 2 5 2 3
10000000001100011000000000110001 3 2 5 2 7 2 3 2 11
10000000001101011000000000110101 23 2 11 2 5 2 43 2 59
10000000001101111000000000110111 3 2 3 2 7 2 3 2 3
10000000001110111000000000111011 17 2 3 2 73 2 17 2 3
10000000001111011000000000111101 3 2 3 2 7 2 3 2 3
10000000010000111000000001000011 3 2 5 2 7 2 3 2 11
10000000010010011000000001001001 3 2 5 2 7 2 3 2 7
10000000010011111000000001001111 3 2 3 2 7 2 3 2 3
10000000010101011000000001010101 3 2 13 2 5 2 3 2 7
10000000010101111000000001010111 5 2 3 2 37 2 5 2 3
10000000010110011000000001011001 11 2 281 2 5 2 5 2 19
10000000010110111000000001011011 3 2 3 2 7 2 3 2 3
10000000010111011000000001011101 17 2 3 2 353 2 11 2 3
10000000010111111000000001011111 59 2 7 2 19 2 7 2 107
10000000011000011000000001100001 3 2 5 2 7 2 3 2 11
10000000011000111000000001100011 23 2 11 2 5 2 193 2 127
10000000011001111000000001100111 3 2 3 2 7 2 3 2 3
10000000011010111000000001101011 5 2 3 2 37 2 5 2 3
10000000011011011000000001101101 3 2 3 2 7 2 3 2 3
10000000011100111000000001110011 3 2 3 2 7 2 3 2 3
10000000011101011000000001110101 5 2 3 2 37 2 5 2 3
10000000011110011000000001111001 3 2 3 2 7 2 3 2 3
10000000011110111000000001111011 31 2 7 2 23 2 7 2 241
10000000011111011000000001111101 7 2 43 2 353 2 7 2 31
10000000011111111000000001111111 3 2 5 2 7 2 3 2 7
10000000100000111000000010000011 167 2 11 2 353 2 23 2 353
10000000100001011000000010000101 3 2 5 2 7 2 3 2 11
10000000100010011000000010001001 5 2 7 2 353 2 29 2 157
10000000100100011000000010010001 3 2 5 2 7 2 3 2 7
10000000100101111000000010010111 3 2 3 2 7 2 3 2 3
10000000100110011000000010011001 7 2 179 2 5 2 23 2 311
10000000100110111000000010011011 11 2 3 2 13 2 47 2 3
10000000100111011000000010011101 3 2 3 2 7 2 3 2 3
10000000101000111000000010100011 3 2 421 2 5 2 3 2 17
10000000101001111000000010100111 5 2 3 2 37 2 5 2 3
10000000101010011000000010101001 3 2 13 2 5 2 3 2 7
10000000101100111000000010110011 47 2 3 2 11 2 193 2 3
10000000101101011000000010110101 3 2 3 2 7 2 3 2 3
10000000101110011000000010111001 31 2 3 2 353 2 11 2 3
10000000101110111000000010111011 3 2 13 2 31 2 3 2 7
10000000110000011000000011000001 3 2 5 2 7 2 3 2 11
10000000110001111000000011000111 3 2 3 2 7 2 3 2 3
10000000110011011000000011001101 3 2 3 2 7 2 3 2 3
10000000110100011000000011010001 7 2 19 2 5 2 5 2 353
10000000110100111000000011010011 3 2 3 2 7 2 3 2 3
10000000110101011000000011010101 13 2 3 2 353 2 193 2 3
10000000110110011000000011011001 3 2 3 2 7 2 3 2 3
10000000110111111000000011011111 3 2 5 2 7 2 3 2 11
10000000111000111000000011100011 5 2 3 2 37 2 5 2 3
10000000111001011000000011100101 3 2 3 2 7 2 3 2 3
10000000111010011000000011101001 61 2 3 2 353 2 193 2 3
10000000111100011000000011110001 3 2 3 2 7 2 3 2 3
10000000111101111000000011110111 3 2 5 2 7 2 3 2 11
10000000111110011000000011111001 137 2 7 2 83 2 5 2 17
10000000111111011000000011111101 3 2 5 2 7 2 3 2 7
10000001000000011000000100000001 5 2 3 2 71 2 17 2 3
10000001000000111000000100000011 3 2 5 2 7 2 3 2 11
10000001000001111000000100000111 17 2 107 2 5 2 11 2 7
10000001000010011000000100001001 3 2 5 2 7 2 3 2 11
10000001000011111000000100001111 3 2 3 2 7 2 3 2 3
10000001000100011000000100010001 19 2 641 2 353 2 5 2 353
10000001000101111000000100010111 7 2 3 2 11 2 73 2 3
10000001000110111000000100011011 3 2 3 2 7 2 3 2 3
10000001000111111000000100011111 5 2 337 2 61 2 7 2 353
10000001001000011000000100100001 3 2 5 2 7 2 3 2 7
10000001001000111000000100100011 13 2 19 2 5 2 5 2 89
10000001001001011000000100100101 7 2 641 2 5 2 103 2 331
10000001001001111000000100100111 3 2 3 2 7 2 3 2 3
10000001001010011000000100101001 5 2 7 2 5 2 193 2 167
10000001001011011000000100101101 3 2 3 2 7 2 3 2 3
10000001001100111000000100110011 3 2 3 2 7 2 3 2 3
10000001001101011000000100110101 11 2 3 2 353 2 89 2 3
10000001001110011000000100111001 3 2 3 2 7 2 3 2 3
10000001001111111000000100111111 3 2 5 2 7 2 3 2 11
10000001010001011000000101000101 3 2 7 2 5 2 3 2 59
10000001010001111000000101000111 5 2 3 2 37 2 5 2 3
10000001010010111000000101001011 3 2 3 2 7 2 3 2 3
10000001010100011000000101010001 3 2 13 2 5 2 3 2 7
10000001010101011000000101010101 113 2 3 2 17 2 193 2 3
10000001010110111000000101011011 5 2 7 2 83 2 7 2 353
10000001011000111000000101100011 3 2 3 2 7 2 3 2 3
10000001011001011000000101100101 5 2 3 2 11 2 5 2 3
10000001011010011000000101101001 3 2 3 2 7 2 3 2 3
10000001011011111000000101101111 3 2 5 2 7 2 3 2 11
10000001011100011000000101110001 13 2 3 2 353 2 11 2 3
10000001011100111000000101110011 31 2 379 2 257 2 5 2 67
10000001011101011000000101110101 3 2 13 2 31 2 3 2 7
10000001011110011000000101111001 5 2 103 2 17 2 7 2 41
10000001011110111000000101111011 3 2 5 2 7 2 3 2 7
10000001100000011000000110000001 3 2 5 2 7 2 3 2 11
10000001100001011000000110000101 71 2 641 2 5 2 5 2 7
10000001100001111000000110000111 3 2 3 2 7 2 3 2 3
10000001100010111000000110001011 13 2 3 2 353 2 193 2 3
10000001100011011000000110001101 3 2 3 2 7 2 3 2 3
10000001100100011000000110010001 41 2 431 2 5 2 11 2 157
10000001100100111000000110010011 3 2 3 2 7 2 3 2 3
10000001100101011000000110010101 7 2 3 2 43 2 73 2 3
10000001100110011000000110011001 3 2 3 2 7 2 3 2 3
10000001100111111000000110011111 3 2 5 2 7 2 3 2 11
10000001101000011000000110100001 5 2 137 2 5 2 193 2 353
10000001101000111000000110100011 7 2 3 2 43 2 73 2 3
10000001101001011000000110100101 3 2 3 2 7 2 3 2 3
10000001101010111000000110101011 3 2 641 2 113 2 3 2 43
10000001101100011000000110110001 3 2 3 2 7 2 3 2 3
10000001101101111000000110110111 3 2 5 2 7 2 3 2 11
10000001101111011000000110111101 3 2 5 2 7 2 3 2 11
10000001101111111000000110111111 5 2 3 2 19 2 11 2 3
10000001110000111000000111000011 3 2 3 2 7 2 3 2 3
10000001110010011000000111001001 3 2 3 2 7 2 3 2 3
10000001110011111000000111001111 3 2 5 2 7 2 3 2 11
10000001110100011000000111010001 167 2 3 2 353 2 79 2 3
10000001110101111000000111010111 43 2 23 2 23 2 193 2 163
10000001110110011000000111011001 13 2 7 2 11 2 7 2 353
10000001110110111000000111011011 3 2 5 2 7 2 3 2 11
10000001110111011000000111011101 5 2 53 2 19 2 193 2 353
10000001111000011000000111100001 3 2 3 2 7 2 3 2 3
10000001111001111000000111100111 3 2 5 2 7 2 3 2 11
10000001111010111000000111101011 79 2 31 2 353 2 193 2 29
10000001111011011000000111101101 3 2 5 2 7 2 3 2 11
10000001111100111000000111110011 3 2 5 2 7 2 3 2 11
10000001111101011000000111110101 17 2 19 2 13 2 11 2 17
10000001111101111000000111110111 7 2 3 2 43 2 71 2 3
10000001111110011000000111111001 3 2 5 2 7 2 3 2 7
10000001111110111000000111111011 5 2 3 2 353 2 61 2 3
10000001111111011000000111111101 107 2 3 2 353 2 5 2 3
10000001111111111000000111111111 3 2 5 2 5 2 3 2 11
10000010000000111000001000000011 83 2 7 2 19 2 193 2 353
10000010000001011000001000000101 3 2 5 2 7 2 3 2 11
10000010000010111000001000001011 3 2 67 2 5 2 3 2 353
10000010000011011000001000001101 13 2 641 2 5 2 11 2 7
10000010000011111000001000001111 5 2 3 2 37 2 5 2 3
10000010000100011000001000010001 3 2 5 2 7 2 3 2 11
10000010000100111000001000010011 7 2 163 2 5 2 5 2 17
10000010000101111000001000010111 3 2 3 2 7 2 3 2 3
10000010000110111000001000011011 19 2 3 2 67 2 193 2 3
10000010000111011000001000011101 3 2 3 2 7 2 3 2 3
10000010001000111000001000100011 3 2 13 2 5 2 3 2 7
10000010001001111000001000100111 11 2 3 2 23 2 167 2 3
10000010001010111000001000101011 47 2 3 2 353 2 31 2 3
10000010001011011000001000101101 5 2 3 2 11 2 5 2 3
10000010001101011000001000110101 3 2 3 2 7 2 3 2 3
10000010001101111000001000110111 5 2 641 2 17 2 7 2 349
10000010001110011000001000111001 17 2 3 2 197 2 17 2 3
10000010001110111000001000111011 3 2 7 2 13 2 3 2 353
10000010010000011000001001000001 3 2 5 2 7 2 3 2 7
10000010010001111000001001000111 3 2 3 2 7 2 3 2 3
10000010010010111000001001001011 5 2 3 2 37 2 5 2 3
10000010010011011000001001001101 3 2 3 2 7 2 3 2 3
10000010010100111000001001010011 3 2 3 2 7 2 3 2 3
10000010010101011000001001010101 5 2 3 2 37 2 5 2 3
10000010010110011000001001011001 3 2 3 2 7 2 3 2 3
10000010010111011000001001011101 23 2 239 2 353 2 7 2 23
10000010010111111000001001011111 3 2 5 2 7 2 3 2 11
10000010011001011000001001100101 3 2 3 2 7 2 3 2 3
10000010011001111000001001100111 7 2 641 2 353 2 5 2 23
10000010011010011000001001101001 5 2 3 2 37 2 5 2 3
10000010011010111000001001101011 3 2 13 2 31 2 3 2 7
10000010011100011000001001110001 3 2 3 2 7 2 3 2 3
10000010011101011000001001110101 7 2 47 2 353 2 7 2 353
10000010011101111000001001110111 3 2 5 2 7 2 3 2 7
10000010011110011000001001111001 127 2 11 2 11 2 7 2 239
10000010011111011000001001111101 3 2 5 2 7 2 3 2 11
10000010100001111000001010000111 5 2 3 2 37 2 5 2 3
10000010100010011000001010001001 3 2 43 2 5 2 3 2 353
10000010100011011000001010001101 19 2 3 2 13 2 193 2 3
10000010100100011000001010010001 5 2 641 2 5 2 193 2 353
10000010100101011000001010010101 3 2 3 2 7 2 3 2 3
10000010101000011000001010100001 3 2 11 2 5 2 3 2 7
10000010101000111000001010100011 53 2 3 2 211 2 157 2 3
10000010101001011000001010100101 5 2 3 2 37 2 5 2 3
10000010101010011000001010101001 13 2 3 2 353 2 23 2 3
10000010101010111000001010101011 11 2 5 2 11 2 7 2 29
10000010101011011000001010101101 3 2 67 2 353 2 3 2 353
10000010101011111000001010101111 5 2 17 2 19 2 5 2 101
10000010101100111000001010110011 3 2 13 2 29 2 3 2 7
10000010101101111000001010110111 109 2 641 2 353 2 17 2 41
10000010101110111000001010111011 7 2 641 2 251 2 193 2 109
10000010110000111000001011000011 5 2 3 2 13 2 5 2 3
10000010110001011000001011000101 3 2 3 2 7 2 3 2 3
10000010110011011000001011001101 5 2 641 2 17 2 7 2 353
10000010110100011000001011010001 3 2 3 2 7 2 3 2 3
10000010110101111000001011010111 3 2 5 2 7 2 3 2 11
10000010110110111000001011011011 139 2 29 2 353 2 193 2 79
10000010110111011000001011011101 3 2 5 2 7 2 3 2 11
10000010111000011000001011100001 5 2 3 2 19 2 5 2 3
10000010111000111000001011100011 3 2 7 2 67 2 3 2 353
10000010111010011000001011101001 3 2 13 2 31 2 3 2 7
10000010111010111000001011101011 5 2 17 2 37 2 5 2 101
10000010111100111000001011110011 7 2 11 2 353 2 59 2 31
10000010111101011000001011110101 3 2 5 2 7 2 3 2 7
10000010111110111000001011111011 3 2 3 2 31 2 3 2 3
10000010111111111000001011111111 5 2 7 2 5 2 5 2 101
10000011000000011000001100000001 3 2 5 2 7 2 3 2 11
10000011000001111000001100000111 3 2 3 2 7 2 3 2 3
10000011000011011000001100001101 3 2 3 2 7 2 3 2 3
10000011000100011000001100010001 13 2 61 2 5 2 37 2 23
10000011000100111000001100010011 3 2 3 2 7 2 3 2 3
10000011000101011000001100010101 23 2 3 2 73 2 193 2 3
10000011000110011000001100011001 3 2 3 2 7 2 3 2 3
10000011000111111000001100011111 3 2 5 2 7 2 3 2 11
10000011001000111000001100100011 59 2 3 2 11 2 31 2 3
10000011001001011000001100100101 3 2 3 2 7 2 3 2 3
10000011001001111000001100100111 5 2 641 2 19 2 7 2 67
10000011001100011000001100110001 3 2 3 2 7 2 3 2 3
10000011001101111000001100110111 3 2 5 2 7 2 3 2 11
10000011001110011000001100111001 7 2 109 2 283 2 7 2 103
10000011001110111000001100111011 5 2 641 2 197 2 101 2 31
10000011001111011000001100111101 3 2 5 2 7 2 3 2 11
10000011010000111000001101000011 3 2 3 2 7 2 3 2 3
10000011010001011000001101000101 5 2 3 2 13 2 5 2 3
10000011010010011000001101001001 3 2 3 2 7 2 3 2 3
10000011010011111000001101001111 3 2 5 2 7 2 3 2 11
10000011010110011000001101011001 5 2 641 2 353 2 7 2 139
10000011010110111000001101011011 3 2 5 2 7 2 3 2 11
10000011011000011000001101100001 3 2 3 2 7 2 3 2 3
10000011011001111000001101100111 3 2 5 2 7 2 3 2 11
10000011011011011000001101101101 3 2 5 2 7 2 3 2 11
10000011011100111000001101110011 3 2 5 2 7 2 3 2 7
10000011011101111000001101110111 5 2 3 2 103 2 137 2 3
10000011011110011000001101111001 3 2 5 2 7 2 3 2 11
10000011011110111000001101111011 97 2 3 2 17 2 5 2 3
10000011011111011000001101111101 41 2 3 2 353 2 11 2 3
10000011011111111000001101111111 3 2 5 2 5 2 3 2 11
10000011100000111000001110000011 131 2 3 2 17 2 11 2 3
10000011100001011000001110000101 3 2 3 2 7 2 3 2 3
10000011100011011000001110001101 7 2 11 2 353 2 5 2 13
10000011100100011000001110010001 3 2 3 2 7 2 3 2 3
10000011100100111000001110010011 13 2 241 2 13 2 7 2 53
10000011100101011000001110010101 5 2 131 2 17 2 7 2 353
10000011100101111000001110010111 3 2 5 2 7 2 3 2 11
10000011100110011000001110011001 59 2 7 2 173 2 7 2 7
10000011100111011000001110011101 3 2 5 2 7 2 3 2 11
10000011101000011000001110100001 31 2 3 2 13 2 193 2 3
10000011101001011000001110100101 67 2 19 2 353 2 7 2 23
10000011101010011000001110101001 3 2 31 2 353 2 3 2 353
10000011101010111000001110101011 37 2 11 2 79 2 193 2 353
10000011101011111000001110101111 3 2 3 2 167 2 3 2 3
10000011101100111000001110110011 5 2 179 2 71 2 29 2 353
10000011101101011000001110110101 3 2 5 2 7 2 3 2 11
10000011101101111000001110110111 7 2 3 2 43 2 5 2 3
10000011101111111000001110111111 29 2 641 2 5 2 193 2 19
10000011110000011000001111000001 3 2 3 2 7 2 3 2 3
10000011110000111000001111000011 89 2 7 2 353 2 7 2 71
10000011110001011000001111000101 7 2 137 2 11 2 7 2 7
10000011110001111000001111000111 3 2 5 2 7 2 3 2 11
10000011110011011000001111001101 3 2 5 2 7 2 3 2 11
10000011110100011000001111010001 5 2 7 2 353 2 7 2 19
10000011110100111000001111010011 3 2 5 2 7 2 3 2 11
10000011110110011000001111011001 3 2 5 2 7 2 3 2 11
10000011110111111000001111011111 3 2 5 2 5 2 3 2 11
10000011111001011000001111100101 3 2 5 2 7 2 3 2 11
10000011111010111000001111101011 3 2 3 2 13 2 3 2 3
10000011111011111000001111101111 5 2 17 2 5 2 5 2 7
10000011111100011000001111110001 3 2 5 2 7 2 3 2 7
10000011111100111000001111110011 17 2 3 2 11 2 5 2 3
10000011111101011000001111110101 11 2 3 2 353 2 193 2 3
10000011111101111000001111110111 3 2 5 2 5 2 3 2 11
10000011111110111000001111111011 13 2 7 2 5 2 193 2 353
10000011111111011000001111111101 3 2 5 2 5 2 3 2 11
10000100000000111000010000000011 3 2 5 2 7 2 3 2 7
10000100000001111000010000000111 73 2 641 2 5 2 61 2 353
10000100000010011000010000001001 3 2 5 2 7 2 3 2 11
10000100000010111000010000001011 7 2 641 2 5 2 173 2 353
10000100000011111000010000001111 3 2 3 2 7 2 3 2 3
10000100000101011000010000010101 3 2 11 2 5 2 3 2 17
10000100000101111000010000010111 5 2 3 2 37 2 5 2 3
10000100000110111000010000011011 3 2 3 2 7 2 3 2 3
10000100000111011000010000011101 31 2 3 2 61 2 29 2 3
10000100001000011000010000100001 3 2 5 2 7 2 3 2 11
10000100001001111000010000100111 3 2 3 2 7 2 3 2 3
10000100001010111000010000101011 5 2 3 2 37 2 5 2 3
10000100001011011000010000101101 3 2 3 2 7 2 3 2 3
10000100001100011000010000110001 43 2 71 2 5 2 193 2 29
10000100001100111000010000110011 3 2 3 2 7 2 3 2 3
10000100001101011000010000110101 5 2 3 2 37 2 5 2 3
10000100001110011000010000111001 3 2 3 2 7 2 3 2 3
10000100001111011000010000111101 97 2 79 2 97 2 7 2 7
10000100001111111000010000111111 3 2 5 2 7 2 3 2 11
10000100010001011000010001000101 3 2 13 2 5 2 3 2 7
10000100010010011000010001001001 5 2 641 2 5 2 29 2 43
10000100010010111000010001001011 3 2 3 2 7 2 3 2 3
10000100010011011000010001001101 11 2 3 2 353 2 71 2 3
10000100010100111000010001010011 5 2 3 2 37 2 5 2 3
10000100010101011000010001010101 19 2 3 2 23 2 41 2 3
10000100010101111000010001010111 3 2 13 2 31 2 3 2 7
10000100010110011000010001011001 17 2 3 2 11 2 17 2 3
10000100010111011000010001011101 3 2 7 2 13 2 3 2 353
10000100010111111000010001011111 7 2 641 2 17 2 79 2 113
10000100011000111000010001100011 3 2 3 2 7 2 3 2 3
10000100011010011000010001101001 3 2 3 2 7 2 3 2 3
10000100011010111000010001101011 109 2 7 2 353 2 7 2 293
10000100011011011000010001101101 7 2 11 2 353 2 5 2 353
10000100011011111000010001101111 3 2 5 2 7 2 3 2 7
10000100011100011000010001110001 5 2 3 2 19 2 5 2 3
10000100011101011000010001110101 3 2 43 2 353 2 3 2 239
10000100011110111000010001111011 3 2 5 2 7 2 3 2 11
10000100011111011000010001111101 13 2 19 2 353 2 11 2 353
10000100011111111000010001111111 107 2 3 2 353 2 23 2 3
10000100100000011000010010000001 3 2 5 2 7 2 3 2 7
10000100100001011000010010000101 5 2 19 2 5 2 181 2 19
10000100100001111000010010000111 3 2 3 2 7 2 3 2 3
10000100100011011000010010001101 3 2 3 2 7 2 3 2 3
10000100100100111000010010010011 3 2 3 2 7 2 3 2 3
10000100100110011000010010011001 3 2 3 2 7 2 3 2 3
10000100100111011000010010011101 17 2 641 2 17 2 7 2 353
10000100100111111000010010011111 3 2 5 2 7 2 3 2 11
10000100101000111000010010100011 5 2 3 2 19 2 5 2 3
10000100101001011000010010100101 3 2 3 2 7 2 3 2 3
10000100101010111000010010101011 3 2 11 2 31 2 3 2 7
10000100101100011000010010110001 3 2 3 2 7 2 3 2 3
10000100101101111000010010110111 3 2 5 2 7 2 3 2 7
10000100101110111000010010111011 11 2 7 2 353 2 67 2 331
10000100101111011000010010111101 3 2 5 2 7 2 3 2 11
10000100110000111000010011000011 3 2 3 2 7 2 3 2 3
10000100110010011000010011001001 3 2 3 2 7 2 3 2 3
10000100110011111000010011001111 3 2 5 2 7 2 3 2 11
10000100110100011000010011010001 11 2 3 2 353 2 193 2 3
10000100110100111000010011010011 37 2 641 2 17 2 7 2 223
10000100110101011000010011010101 3 2 13 2 31 2 3 2 7
10000100110101111000010011010111 31 2 7 2 353 2 17 2 43
10000100110110111000010011011011 3 2 5 2 7 2 3 2 7
10000100110111011000010011011101 7 2 641 2 11 2 5 2 29
10000100111000011000010011100001 3 2 3 2 7 2 3 2 3
10000100111001111000010011100111 3 2 5 2 7 2 3 2 11
10000100111011011000010011101101 3 2 5 2 7 2 3 2 7
10000100111100111000010011110011 3 2 5 2 7 2 3 2 11
10000100111110011000010011111001 3 2 5 2 7 2 3 2 11
10000100111111111000010011111111 3 2 5 2 5 2 3 2 7
10000101000000011000010100000001 79 2 89 2 349 2 107 2 353
10000101000001111000010100000111 5 2 3 2 19 2 5 2 3
10000101000010111000010100001011 3 2 3 2 7 2 3 2 3
10000101000011111000010100001111 23 2 317 2 353 2 7 2 353
10000101000100111000010100010011 11 2 3 2 353 2 31 2 3
10000101000101011000010100010101 7 2 3 2 43 2 73 2 3
10000101000111111000010100011111 53 2 11 2 211 2 11 2 7
10000101001000011000010100100001 173 2 19 2 5 2 53 2 19
10000101001000111000010100100011 3 2 3 2 7 2 3 2 3
10000101001001011000010100100101 5 2 3 2 23 2 5 2 3
10000101001010011000010100101001 3 2 3 2 7 2 3 2 3
10000101001011111000010100101111 3 2 5 2 7 2 3 2 11
10000101001100011000010100110001 7 2 3 2 43 2 73 2 3
10000101001100111000010100110011 13 2 59 2 353 2 5 2 17
10000101001110111000010100111011 3 2 5 2 7 2 3 2 11
10000101001111011000010100111101 23 2 641 2 353 2 193 2 167
10000101001111111000010100111111 7 2 3 2 23 2 43 2 3
10000101010000011000010101000001 3 2 13 2 5 2 3 2 7
10000101010000111000010101000011 5 2 3 2 37 2 5 2 3
10000101010001011000010101000101 109 2 3 2 67 2 59 2 3
10000101010010011000010101001001 149 2 3 2 307 2 193 2 3
10000101010011011000010101001101 3 2 641 2 47 2 3 2 353
10000101010100111000010101010011 3 2 13 2 31 2 3 2 7
10000101010101011000010101010101 11 2 5 2 11 2 7 2 19
10000101010101111000010101010111 5 2 17 2 37 2 5 2 101
10000101010111111000010101011111 3 2 3 2 29 2 3 2 3
10000101011000011000010101100001 5 2 3 2 37 2 5 2 3
10000101011001011000010101100101 3 2 11 2 31 2 3 2 7
10000101011010111000010101101011 3 2 5 2 7 2 3 2 7
10000101011101011000010101110101 5 2 17 2 37 2 5 2 101
10000101011101111000010101110111 3 2 3 2 31 2 3 2 3
10000101011110011000010101111001 47 2 47 2 53 2 193 2 89
10000101011111011000010101111101 3 2 3 2 17 2 3 2 3
10000101011111111000010101111111 5 2 17 2 5 2 5 2 101
10000101100000111000010110000011 3 2 3 2 7 2 3 2 3
10000101100001011000010110000101 7 2 3 2 17 2 73 2 3
10000101100010011000010110001001 3 2 3 2 7 2 3 2 3
10000101100010111000010110001011 17 2 19 2 353 2 5 2 353
10000101100011111000010110001111 3 2 5 2 7 2 3 2 11
10000101100100011000010110010001 31 2 3 2 11 2 193 2 3
10000101100110111000010110011011 3 2 5 2 7 2 3 2 11
10000101100111111000010110011111 79 2 3 2 103 2 5 2 3
10000101101000011000010110100001 3 2 3 2 7 2 3 2 3
10000101101001111000010110100111 3 2 5 2 7 2 3 2 11
10000101101010111000010110101011 19 2 641 2 13 2 193 2 47
10000101101011011000010110101101 3 2 5 2 7 2 3 2 11
10000101101011111000010110101111 7 2 3 2 43 2 73 2 3
10000101101100111000010110110011 3 2 5 2 7 2 3 2 7
10000101101110011000010110111001 3 2 5 2 7 2 3 2 11
10000101101111011000010110111101 7 2 3 2 13 2 5 2 3
10000101101111111000010110111111 3 2 5 2 5 2 3 2 11
10000101110000011000010111000001 97 2 3 2 23 2 11 2 3
10000101110010011000010111001001 29 2 7 2 353 2 7 2 353
10000101110010111000010111001011 3 2 5 2 7 2 3 2 11
10000101110100011000010111010001 3 2 13 2 31 2 3 2 7
10000101110111111000010111011111 43 2 191 2 5 2 23 2 353
10000101111000111000010111100011 3 2 5 2 7 2 3 2 11
10000101111001111000010111100111 7 2 3 2 43 2 73 2 3
10000101111010011000010111101001 3 2 5 2 7 2 3 2 7
10000101111011011000010111101101 5 2 3 2 353 2 193 2 3
10000101111011111000010111101111 3 2 5 2 5 2 3 2 11
10000101111100011000010111110001 17 2 233 2 17 2 163 2 179
10000101111101011000010111110101 3 2 3 2 23 2 3 2 3
10000101111101111000010111110111 5 2 17 2 5 2 5 2 29
10000101111110111000010111111011 3 2 5 2 5 2 3 2 7
10000110000000011000011000000001 3 2 5 2 7 2 3 2 11
10000110000001111000011000000111 3 2 3 2 7 2 3 2 3
10000110000010111000011000001011 5 2 3 2 37 2 5 2 3
10000110000011011000011000001101 3 2 3 2 7 2 3 2 3
10000110000100111000011000010011 3 2 3 2 7 2 3 2 3
10000110000101011000011000010101 5 2 3 2 37 2 5 2 3
10000110000110011000011000011001 3 2 3 2 7 2 3 2 3
10000110000111111000011000011111 3 2 5 2 7 2 3 2 11
10000110001000111000011000100011 23 2 3 2 13 2 193 2 3
10000110001001011000011000100101 3 2 3 2 7 2 3 2 3
10000110001001111000011000100111 61 2 641 2 11 2 5 2 71
10000110001010011000011000101001 5 2 3 2 37 2 5 2 3
10000110001010111000011000101011 3 2 7 2 23 2 3 2 311
10000110001011011000011000101101 7 2 19 2 17 2 7 2 347
10000110001100011000011000110001 3 2 3 2 7 2 3 2 3
10000110001101111000011000110111 3 2 5 2 7 2 3 2 11
10000110001111011000011000111101 3 2 5 2 7 2 3 2 11
10000110010000111000011001000011 3 2 3 2 7 2 3 2 3
10000110010001011000011001000101 37 2 3 2 11 2 23 2 3
10000110010010011000011001001001 3 2 3 2 7 2 3 2 3
10000110010011111000011001001111 3 2 5 2 7 2 3 2 11
10000110010100011000011001010001 5 2 3 2 13 2 5 2 3
10000110010110111000011001011011 3 2 5 2 7 2 3 2 11
10000110011000011000011001100001 3 2 3 2 7 2 3 2 3
10000110011001111000011001100111 3 2 5 2 7 2 3 2 7
10000110011011011000011001101101 3 2 5 2 7 2 3 2 11
10000110011011111000011001101111 5 2 3 2 353 2 11 2 3
10000110011100011000011001110001 127 2 7 2 71 2 7 2 239
10000110011100111000011001110011 3 2 5 2 7 2 3 2 11
10000110011110011000011001111001 3 2 5 2 7 2 3 2 11
10000110011110111000011001111011 173 2 3 2 353 2 193 2 3
10000110011111111000011001111111 3 2 5 2 5 2 3 2 11
10000110100000011000011010000001 7 2 11 2 5 2 29 2 353
10000110100000111000011010000011 5 2 3 2 37 2 5 2 3
10000110100001011000011010000101 3 2 3 2 7 2 3 2 3
10000110100010011000011010001001 11 2 3 2 353 2 193 2 3
10000110100011011000011010001101 5 2 7 2 61 2 7 2 7
10000110100011111000011010001111 7 2 23 2 163 2 11 2 353
10000110100100011000011010010001 3 2 3 2 7 2 3 2 3
10000110100101111000011010010111 3 2 5 2 7 2 3 2 11
10000110100111011000011010011101 3 2 5 2 7 2 3 2 11
10000110100111111000011010011111 11 2 3 2 17 2 193 2 3
10000110101000011000011010100001 5 2 3 2 17 2 5 2 3
10000110101000111000011010100011 3 2 13 2 31 2 3 2 7
10000110101010111000011010101011 5 2 17 2 37 2 5 2 19
10000110101101011000011010110101 3 2 5 2 7 2 3 2 11
10000110101111111000011010111111 5 2 11 2 5 2 5 2 71
10000110110000011000011011000001 3 2 3 2 7 2 3 2 3
10000110110001111000011011000111 3 2 5 2 7 2 3 2 11
10000110110011011000011011001101 3 2 5 2 7 2 3 2 11
10000110110100111000011011010011 3 2 5 2 7 2 3 2 7
10000110110101011000011011010101 7 2 29 2 353 2 17 2 41
10000110110110011000011011011001 3 2 5 2 7 2 3 2 11
10000110110111111000011011011111 3 2 5 2 5 2 3 2 11
10000110111000011000011011100001 11 2 7 2 13 2 7 2 353
10000110111000111000011011100011 7 2 379 2 353 2 193 2 313
10000110111001011000011011100101 3 2 5 2 7 2 3 2 7
10000110111001111000011011100111 5 2 3 2 353 2 193 2 3
10000110111010111000011011101011 3 2 3 2 19 2 3 2 3
10000110111011011000011011101101 13 2 3 2 353 2 5 2 3
10000110111100011000011011110001 3 2 5 2 7 2 3 2 11
10000110111101111000011011110111 3 2 5 2 5 2 3 2 7
10000110111110111000011011111011 5 2 17 2 5 2 5 2 101
10000110111111011000011011111101 3 2 5 2 5 2 3 2 11
10000110111111111000011011111111 7 2 31 2 353 2 193 2 17
10000111000000111000011100000011 3 2 3 2 7 2 3 2 3
10000111000001011000011100000101 5 2 3 2 37 2 5 2 3
10000111000010011000011100001001 3 2 3 2 7 2 3 2 3
10000111000011011000011100001101 7 2 13 2 13 2 7 2 353
10000111000011111000011100001111 3 2 5 2 7 2 3 2 11
10000111000110111000011100011011 3 2 5 2 7 2 3 2 11
10000111001000011000011100100001 3 2 3 2 7 2 3 2 3
10000111001001111000011100100111 3 2 5 2 7 2 3 2 11
10000111001011011000011100101101 3 2 5 2 7 2 3 2 11
10000111001100111000011100110011 3 2 5 2 7 2 3 2 11
10000111001101111000011100110111 5 2 3 2 43 2 11 2 3
10000111001110011000011100111001 3 2 5 2 7 2 3 2 11
10000111001110111000011100111011 13 2 3 2 19 2 5 2 3
10000111001111111000011100111111 3 2 5 2 5 2 3 2 11
10000111010000011000011101000001 5 2 3 2 37 2 5 2 3
10000111010001011000011101000101 3 2 641 2 353 2 3 2 353
10000111010010111000011101001011 3 2 5 2 7 2 3 2 11
10000111010011011000011101001101 19 2 11 2 11 2 179 2 7
10000111010011111000011101001111 11 2 3 2 19 2 193 2 3
10000111010101011000011101010101 5 2 17 2 13 2 5 2 101
10000111010101111000011101010111 3 2 3 2 83 2 3 2 3
10000111010111011000011101011101 3 2 3 2 353 2 3 2 3
10000111010111111000011101011111 5 2 7 2 5 2 5 2 7
10000111011000111000011101100011 3 2 5 2 7 2 3 2 7
10000111011010011000011101101001 3 2 5 2 7 2 3 2 11
10000111011011111000011101101111 3 2 5 2 5 2 3 2 11
10000111011101011000011101110101 3 2 3 2 353 2 3 2 3
10000111011110011000011101111001 79 2 3 2 13 2 193 2 3
10000111011110111000011101111011 3 2 5 2 5 2 3 2 11
10000111011111011000011101111101 5 2 17 2 5 2 5 2 71
